<?xml version="1.0" encoding="UTF-8"?><testsuite errors="0" failures="0" name="ioFlow.features.search.SearchByKeywordStory" skipped="1" tests="3" time="15.55" timestamp="2021-02-08 05:02:19"><testcase classname="ioFlow.features.search.SearchByKeywordStory" name="Searching by keyword banana should display the corresponding article"/><testcase classname="ioFlow.features.search.SearchByKeywordStory" name="Searching by ambiguious keyword should display the disambiguation page"><skipped/></testcase><testcase classname="ioFlow.features.search.SearchByKeywordStory" name="Searching by keyword apple should display the corresponding article"/></testsuite>